<?xml version="1.0" encoding="UTF-8"?>
<testsuite xmlns:xsi="http://www.w3.org/2001/XMLSchema-instance" xsi:noNamespaceSchemaLocation="https://maven.apache.org/surefire/maven-surefire-plugin/xsd/surefire-test-report.xsd" version="3.0.2" name="com.tutoringplatform.services.PaymentServiceTest" time="0.059" tests="10" errors="0" skipped="0" failures="0">
  <properties>
    <property name="java.specification.version" value="24"/>
    <property name="sun.cpu.isalist" value="amd64"/>
    <property name="sun.jnu.encoding" value="Cp1252"/>
    <property name="java.class.path" value="C:\Users\Joni\Desktop\Private Lessons App\target\test-classes;C:\Users\Joni\Desktop\Private Lessons App\target\classes;C:\Users\Joni\.m2\repository\org\springframework\boot\spring-boot-starter-web\2.7.14\spring-boot-starter-web-2.7.14.jar;C:\Users\Joni\.m2\repository\org\springframework\boot\spring-boot-starter\2.7.14\spring-boot-starter-2.7.14.jar;C:\Users\Joni\.m2\repository\org\springframework\boot\spring-boot-starter-logging\2.7.14\spring-boot-starter-logging-2.7.14.jar;C:\Users\Joni\.m2\repository\ch\qos\logback\logback-classic\1.2.12\logback-classic-1.2.12.jar;C:\Users\Joni\.m2\repository\ch\qos\logback\logback-core\1.2.12\logback-core-1.2.12.jar;C:\Users\Joni\.m2\repository\org\apache\logging\log4j\log4j-to-slf4j\2.17.2\log4j-to-slf4j-2.17.2.jar;C:\Users\Joni\.m2\repository\org\apache\logging\log4j\log4j-api\2.17.2\log4j-api-2.17.2.jar;C:\Users\Joni\.m2\repository\org\slf4j\jul-to-slf4j\1.7.36\jul-to-slf4j-1.7.36.jar;C:\Users\Joni\.m2\repository\jakarta\annotation\jakarta.annotation-api\1.3.5\jakarta.annotation-api-1.3.5.jar;C:\Users\Joni\.m2\repository\org\yaml\snakeyaml\1.30\snakeyaml-1.30.jar;C:\Users\Joni\.m2\repository\org\springframework\boot\spring-boot-starter-json\2.7.14\spring-boot-starter-json-2.7.14.jar;C:\Users\Joni\.m2\repository\com\fasterxml\jackson\core\jackson-databind\2.13.5\jackson-databind-2.13.5.jar;C:\Users\Joni\.m2\repository\com\fasterxml\jackson\core\jackson-annotations\2.13.5\jackson-annotations-2.13.5.jar;C:\Users\Joni\.m2\repository\com\fasterxml\jackson\core\jackson-core\2.13.5\jackson-core-2.13.5.jar;C:\Users\Joni\.m2\repository\com\fasterxml\jackson\datatype\jackson-datatype-jdk8\2.13.5\jackson-datatype-jdk8-2.13.5.jar;C:\Users\Joni\.m2\repository\com\fasterxml\jackson\datatype\jackson-datatype-jsr310\2.13.5\jackson-datatype-jsr310-2.13.5.jar;C:\Users\Joni\.m2\repository\com\fasterxml\jackson\module\jackson-module-parameter-names\2.13.5\jackson-module-parameter-names-2.13.5.jar;C:\Users\Joni\.m2\repository\org\springframework\boot\spring-boot-starter-tomcat\2.7.14\spring-boot-starter-tomcat-2.7.14.jar;C:\Users\Joni\.m2\repository\org\apache\tomcat\embed\tomcat-embed-core\9.0.78\tomcat-embed-core-9.0.78.jar;C:\Users\Joni\.m2\repository\org\apache\tomcat\embed\tomcat-embed-el\9.0.78\tomcat-embed-el-9.0.78.jar;C:\Users\Joni\.m2\repository\org\apache\tomcat\embed\tomcat-embed-websocket\9.0.78\tomcat-embed-websocket-9.0.78.jar;C:\Users\Joni\.m2\repository\org\springframework\spring-web\5.3.29\spring-web-5.3.29.jar;C:\Users\Joni\.m2\repository\org\springframework\spring-beans\5.3.29\spring-beans-5.3.29.jar;C:\Users\Joni\.m2\repository\org\springframework\spring-webmvc\5.3.29\spring-webmvc-5.3.29.jar;C:\Users\Joni\.m2\repository\org\springframework\spring-aop\5.3.29\spring-aop-5.3.29.jar;C:\Users\Joni\.m2\repository\org\springframework\spring-context\5.3.29\spring-context-5.3.29.jar;C:\Users\Joni\.m2\repository\org\springframework\spring-expression\5.3.29\spring-expression-5.3.29.jar;C:\Users\Joni\.m2\repository\org\springframework\boot\spring-boot-devtools\2.7.14\spring-boot-devtools-2.7.14.jar;C:\Users\Joni\.m2\repository\org\springframework\boot\spring-boot\2.7.14\spring-boot-2.7.14.jar;C:\Users\Joni\.m2\repository\org\springframework\boot\spring-boot-autoconfigure\2.7.14\spring-boot-autoconfigure-2.7.14.jar;C:\Users\Joni\.m2\repository\org\springframework\boot\spring-boot-starter-test\2.7.14\spring-boot-starter-test-2.7.14.jar;C:\Users\Joni\.m2\repository\org\springframework\boot\spring-boot-test\2.7.14\spring-boot-test-2.7.14.jar;C:\Users\Joni\.m2\repository\org\springframework\boot\spring-boot-test-autoconfigure\2.7.14\spring-boot-test-autoconfigure-2.7.14.jar;C:\Users\Joni\.m2\repository\com\jayway\jsonpath\json-path\2.7.0\json-path-2.7.0.jar;C:\Users\Joni\.m2\repository\net\minidev\json-smart\2.4.11\json-smart-2.4.11.jar;C:\Users\Joni\.m2\repository\net\minidev\accessors-smart\2.4.11\accessors-smart-2.4.11.jar;C:\Users\Joni\.m2\repository\org\ow2\asm\asm\9.3\asm-9.3.jar;C:\Users\Joni\.m2\repository\org\slf4j\slf4j-api\1.7.36\slf4j-api-1.7.36.jar;C:\Users\Joni\.m2\repository\jakarta\xml\bind\jakarta.xml.bind-api\2.3.3\jakarta.xml.bind-api-2.3.3.jar;C:\Users\Joni\.m2\repository\jakarta\activation\jakarta.activation-api\1.2.2\jakarta.activation-api-1.2.2.jar;C:\Users\Joni\.m2\repository\org\assertj\assertj-core\3.22.0\assertj-core-3.22.0.jar;C:\Users\Joni\.m2\repository\org\hamcrest\hamcrest\2.2\hamcrest-2.2.jar;C:\Users\Joni\.m2\repository\org\junit\jupiter\junit-jupiter\5.8.2\junit-jupiter-5.8.2.jar;C:\Users\Joni\.m2\repository\org\junit\jupiter\junit-jupiter-api\5.8.2\junit-jupiter-api-5.8.2.jar;C:\Users\Joni\.m2\repository\org\opentest4j\opentest4j\1.2.0\opentest4j-1.2.0.jar;C:\Users\Joni\.m2\repository\org\junit\jupiter\junit-jupiter-params\5.8.2\junit-jupiter-params-5.8.2.jar;C:\Users\Joni\.m2\repository\org\junit\jupiter\junit-jupiter-engine\5.8.2\junit-jupiter-engine-5.8.2.jar;C:\Users\Joni\.m2\repository\org\mockito\mockito-core\4.5.1\mockito-core-4.5.1.jar;C:\Users\Joni\.m2\repository\net\bytebuddy\byte-buddy\1.12.23\byte-buddy-1.12.23.jar;C:\Users\Joni\.m2\repository\net\bytebuddy\byte-buddy-agent\1.12.23\byte-buddy-agent-1.12.23.jar;C:\Users\Joni\.m2\repository\org\objenesis\objenesis\3.2\objenesis-3.2.jar;C:\Users\Joni\.m2\repository\org\mockito\mockito-junit-jupiter\4.5.1\mockito-junit-jupiter-4.5.1.jar;C:\Users\Joni\.m2\repository\org\skyscreamer\jsonassert\1.5.1\jsonassert-1.5.1.jar;C:\Users\Joni\.m2\repository\com\vaadin\external\google\android-json\0.0.20131108.vaadin1\android-json-0.0.20131108.vaadin1.jar;C:\Users\Joni\.m2\repository\org\springframework\spring-core\5.3.29\spring-core-5.3.29.jar;C:\Users\Joni\.m2\repository\org\springframework\spring-jcl\5.3.29\spring-jcl-5.3.29.jar;C:\Users\Joni\.m2\repository\org\springframework\spring-test\5.3.29\spring-test-5.3.29.jar;C:\Users\Joni\.m2\repository\org\xmlunit\xmlunit-core\2.9.1\xmlunit-core-2.9.1.jar;C:\Users\Joni\.m2\repository\org\junit\platform\junit-platform-suite\1.8.2\junit-platform-suite-1.8.2.jar;C:\Users\Joni\.m2\repository\org\junit\platform\junit-platform-suite-api\1.8.2\junit-platform-suite-api-1.8.2.jar;C:\Users\Joni\.m2\repository\org\junit\platform\junit-platform-commons\1.8.2\junit-platform-commons-1.8.2.jar;C:\Users\Joni\.m2\repository\org\apiguardian\apiguardian-api\1.1.2\apiguardian-api-1.1.2.jar;C:\Users\Joni\.m2\repository\org\junit\platform\junit-platform-suite-engine\1.8.2\junit-platform-suite-engine-1.8.2.jar;C:\Users\Joni\.m2\repository\org\junit\platform\junit-platform-engine\1.8.2\junit-platform-engine-1.8.2.jar;C:\Users\Joni\.m2\repository\org\junit\platform\junit-platform-suite-commons\1.8.2\junit-platform-suite-commons-1.8.2.jar;C:\Users\Joni\.m2\repository\org\junit\platform\junit-platform-launcher\1.8.2\junit-platform-launcher-1.8.2.jar;"/>
    <property name="java.vm.vendor" value="Oracle Corporation"/>
    <property name="sun.arch.data.model" value="64"/>
    <property name="user.variant" value=""/>
    <property name="java.vendor.url" value="https://java.oracle.com/"/>
    <property name="user.timezone" value="Asia/Jerusalem"/>
    <property name="user.country.format" value="IL"/>
    <property name="os.name" value="Windows 10"/>
    <property name="java.vm.specification.version" value="24"/>
    <property name="sun.java.launcher" value="SUN_STANDARD"/>
    <property name="user.country" value="US"/>
    <property name="sun.boot.library.path" value="C:\Program Files\Java\jdk-24\bin"/>
    <property name="sun.java.command" value="C:\Users\Joni\AppData\Local\Temp\surefire2007559001838061071\surefirebooter-20250611215710713_3.jar C:\Users\Joni\AppData\Local\Temp\surefire2007559001838061071 2025-06-11T21-57-10_571-jvmRun1 surefire-20250611215710713_1tmp surefire_0-20250611215710713_2tmp"/>
    <property name="jdk.debug" value="release"/>
    <property name="surefire.test.class.path" value="C:\Users\Joni\Desktop\Private Lessons App\target\test-classes;C:\Users\Joni\Desktop\Private Lessons App\target\classes;C:\Users\Joni\.m2\repository\org\springframework\boot\spring-boot-starter-web\2.7.14\spring-boot-starter-web-2.7.14.jar;C:\Users\Joni\.m2\repository\org\springframework\boot\spring-boot-starter\2.7.14\spring-boot-starter-2.7.14.jar;C:\Users\Joni\.m2\repository\org\springframework\boot\spring-boot-starter-logging\2.7.14\spring-boot-starter-logging-2.7.14.jar;C:\Users\Joni\.m2\repository\ch\qos\logback\logback-classic\1.2.12\logback-classic-1.2.12.jar;C:\Users\Joni\.m2\repository\ch\qos\logback\logback-core\1.2.12\logback-core-1.2.12.jar;C:\Users\Joni\.m2\repository\org\apache\logging\log4j\log4j-to-slf4j\2.17.2\log4j-to-slf4j-2.17.2.jar;C:\Users\Joni\.m2\repository\org\apache\logging\log4j\log4j-api\2.17.2\log4j-api-2.17.2.jar;C:\Users\Joni\.m2\repository\org\slf4j\jul-to-slf4j\1.7.36\jul-to-slf4j-1.7.36.jar;C:\Users\Joni\.m2\repository\jakarta\annotation\jakarta.annotation-api\1.3.5\jakarta.annotation-api-1.3.5.jar;C:\Users\Joni\.m2\repository\org\yaml\snakeyaml\1.30\snakeyaml-1.30.jar;C:\Users\Joni\.m2\repository\org\springframework\boot\spring-boot-starter-json\2.7.14\spring-boot-starter-json-2.7.14.jar;C:\Users\Joni\.m2\repository\com\fasterxml\jackson\core\jackson-databind\2.13.5\jackson-databind-2.13.5.jar;C:\Users\Joni\.m2\repository\com\fasterxml\jackson\core\jackson-annotations\2.13.5\jackson-annotations-2.13.5.jar;C:\Users\Joni\.m2\repository\com\fasterxml\jackson\core\jackson-core\2.13.5\jackson-core-2.13.5.jar;C:\Users\Joni\.m2\repository\com\fasterxml\jackson\datatype\jackson-datatype-jdk8\2.13.5\jackson-datatype-jdk8-2.13.5.jar;C:\Users\Joni\.m2\repository\com\fasterxml\jackson\datatype\jackson-datatype-jsr310\2.13.5\jackson-datatype-jsr310-2.13.5.jar;C:\Users\Joni\.m2\repository\com\fasterxml\jackson\module\jackson-module-parameter-names\2.13.5\jackson-module-parameter-names-2.13.5.jar;C:\Users\Joni\.m2\repository\org\springframework\boot\spring-boot-starter-tomcat\2.7.14\spring-boot-starter-tomcat-2.7.14.jar;C:\Users\Joni\.m2\repository\org\apache\tomcat\embed\tomcat-embed-core\9.0.78\tomcat-embed-core-9.0.78.jar;C:\Users\Joni\.m2\repository\org\apache\tomcat\embed\tomcat-embed-el\9.0.78\tomcat-embed-el-9.0.78.jar;C:\Users\Joni\.m2\repository\org\apache\tomcat\embed\tomcat-embed-websocket\9.0.78\tomcat-embed-websocket-9.0.78.jar;C:\Users\Joni\.m2\repository\org\springframework\spring-web\5.3.29\spring-web-5.3.29.jar;C:\Users\Joni\.m2\repository\org\springframework\spring-beans\5.3.29\spring-beans-5.3.29.jar;C:\Users\Joni\.m2\repository\org\springframework\spring-webmvc\5.3.29\spring-webmvc-5.3.29.jar;C:\Users\Joni\.m2\repository\org\springframework\spring-aop\5.3.29\spring-aop-5.3.29.jar;C:\Users\Joni\.m2\repository\org\springframework\spring-context\5.3.29\spring-context-5.3.29.jar;C:\Users\Joni\.m2\repository\org\springframework\spring-expression\5.3.29\spring-expression-5.3.29.jar;C:\Users\Joni\.m2\repository\org\springframework\boot\spring-boot-devtools\2.7.14\spring-boot-devtools-2.7.14.jar;C:\Users\Joni\.m2\repository\org\springframework\boot\spring-boot\2.7.14\spring-boot-2.7.14.jar;C:\Users\Joni\.m2\repository\org\springframework\boot\spring-boot-autoconfigure\2.7.14\spring-boot-autoconfigure-2.7.14.jar;C:\Users\Joni\.m2\repository\org\springframework\boot\spring-boot-starter-test\2.7.14\spring-boot-starter-test-2.7.14.jar;C:\Users\Joni\.m2\repository\org\springframework\boot\spring-boot-test\2.7.14\spring-boot-test-2.7.14.jar;C:\Users\Joni\.m2\repository\org\springframework\boot\spring-boot-test-autoconfigure\2.7.14\spring-boot-test-autoconfigure-2.7.14.jar;C:\Users\Joni\.m2\repository\com\jayway\jsonpath\json-path\2.7.0\json-path-2.7.0.jar;C:\Users\Joni\.m2\repository\net\minidev\json-smart\2.4.11\json-smart-2.4.11.jar;C:\Users\Joni\.m2\repository\net\minidev\accessors-smart\2.4.11\accessors-smart-2.4.11.jar;C:\Users\Joni\.m2\repository\org\ow2\asm\asm\9.3\asm-9.3.jar;C:\Users\Joni\.m2\repository\org\slf4j\slf4j-api\1.7.36\slf4j-api-1.7.36.jar;C:\Users\Joni\.m2\repository\jakarta\xml\bind\jakarta.xml.bind-api\2.3.3\jakarta.xml.bind-api-2.3.3.jar;C:\Users\Joni\.m2\repository\jakarta\activation\jakarta.activation-api\1.2.2\jakarta.activation-api-1.2.2.jar;C:\Users\Joni\.m2\repository\org\assertj\assertj-core\3.22.0\assertj-core-3.22.0.jar;C:\Users\Joni\.m2\repository\org\hamcrest\hamcrest\2.2\hamcrest-2.2.jar;C:\Users\Joni\.m2\repository\org\junit\jupiter\junit-jupiter\5.8.2\junit-jupiter-5.8.2.jar;C:\Users\Joni\.m2\repository\org\junit\jupiter\junit-jupiter-api\5.8.2\junit-jupiter-api-5.8.2.jar;C:\Users\Joni\.m2\repository\org\opentest4j\opentest4j\1.2.0\opentest4j-1.2.0.jar;C:\Users\Joni\.m2\repository\org\junit\jupiter\junit-jupiter-params\5.8.2\junit-jupiter-params-5.8.2.jar;C:\Users\Joni\.m2\repository\org\junit\jupiter\junit-jupiter-engine\5.8.2\junit-jupiter-engine-5.8.2.jar;C:\Users\Joni\.m2\repository\org\mockito\mockito-core\4.5.1\mockito-core-4.5.1.jar;C:\Users\Joni\.m2\repository\net\bytebuddy\byte-buddy\1.12.23\byte-buddy-1.12.23.jar;C:\Users\Joni\.m2\repository\net\bytebuddy\byte-buddy-agent\1.12.23\byte-buddy-agent-1.12.23.jar;C:\Users\Joni\.m2\repository\org\objenesis\objenesis\3.2\objenesis-3.2.jar;C:\Users\Joni\.m2\repository\org\mockito\mockito-junit-jupiter\4.5.1\mockito-junit-jupiter-4.5.1.jar;C:\Users\Joni\.m2\repository\org\skyscreamer\jsonassert\1.5.1\jsonassert-1.5.1.jar;C:\Users\Joni\.m2\repository\com\vaadin\external\google\android-json\0.0.20131108.vaadin1\android-json-0.0.20131108.vaadin1.jar;C:\Users\Joni\.m2\repository\org\springframework\spring-core\5.3.29\spring-core-5.3.29.jar;C:\Users\Joni\.m2\repository\org\springframework\spring-jcl\5.3.29\spring-jcl-5.3.29.jar;C:\Users\Joni\.m2\repository\org\springframework\spring-test\5.3.29\spring-test-5.3.29.jar;C:\Users\Joni\.m2\repository\org\xmlunit\xmlunit-core\2.9.1\xmlunit-core-2.9.1.jar;C:\Users\Joni\.m2\repository\org\junit\platform\junit-platform-suite\1.8.2\junit-platform-suite-1.8.2.jar;C:\Users\Joni\.m2\repository\org\junit\platform\junit-platform-suite-api\1.8.2\junit-platform-suite-api-1.8.2.jar;C:\Users\Joni\.m2\repository\org\junit\platform\junit-platform-commons\1.8.2\junit-platform-commons-1.8.2.jar;C:\Users\Joni\.m2\repository\org\apiguardian\apiguardian-api\1.1.2\apiguardian-api-1.1.2.jar;C:\Users\Joni\.m2\repository\org\junit\platform\junit-platform-suite-engine\1.8.2\junit-platform-suite-engine-1.8.2.jar;C:\Users\Joni\.m2\repository\org\junit\platform\junit-platform-engine\1.8.2\junit-platform-engine-1.8.2.jar;C:\Users\Joni\.m2\repository\org\junit\platform\junit-platform-suite-commons\1.8.2\junit-platform-suite-commons-1.8.2.jar;C:\Users\Joni\.m2\repository\org\junit\platform\junit-platform-launcher\1.8.2\junit-platform-launcher-1.8.2.jar;"/>
    <property name="sun.cpu.endian" value="little"/>
    <property name="user.home" value="C:\Users\Joni"/>
    <property name="user.language" value="en"/>
    <property name="java.specification.vendor" value="Oracle Corporation"/>
    <property name="java.version.date" value="2025-04-15"/>
    <property name="java.home" value="C:\Program Files\Java\jdk-24"/>
    <property name="file.separator" value="\"/>
    <property name="basedir" value="C:\Users\Joni\Desktop\Private Lessons App"/>
    <property name="java.vm.compressedOopsMode" value="Zero based"/>
    <property name="line.separator" value="&#10;"/>
    <property name="java.vm.specification.vendor" value="Oracle Corporation"/>
    <property name="java.specification.name" value="Java Platform API Specification"/>
    <property name="surefire.real.class.path" value="C:\Users\Joni\AppData\Local\Temp\surefire2007559001838061071\surefirebooter-20250611215710713_3.jar"/>
    <property name="user.script" value=""/>
    <property name="sun.management.compiler" value="HotSpot 64-Bit Tiered Compilers"/>
    <property name="java.runtime.version" value="24.0.1+9-30"/>
    <property name="user.name" value="Joni"/>
    <property name="stdout.encoding" value="Cp1252"/>
    <property name="path.separator" value=";"/>
    <property name="os.version" value="10.0"/>
    <property name="java.runtime.name" value="Java(TM) SE Runtime Environment"/>
    <property name="file.encoding" value="UTF-8"/>
    <property name="java.vm.name" value="Java HotSpot(TM) 64-Bit Server VM"/>
    <property name="localRepository" value="C:\Users\Joni\.m2\repository"/>
    <property name="java.vendor.url.bug" value="https://bugreport.java.com/bugreport/"/>
    <property name="java.io.tmpdir" value="C:\Users\Joni\AppData\Local\Temp\"/>
    <property name="java.version" value="24.0.1"/>
    <property name="user.dir" value="C:\Users\Joni\Desktop\Private Lessons App"/>
    <property name="os.arch" value="amd64"/>
    <property name="java.vm.specification.name" value="Java Virtual Machine Specification"/>
    <property name="sun.os.patch.level" value=""/>
    <property name="native.encoding" value="Cp1252"/>
    <property name="java.library.path" value="C:\Program Files\Java\jdk-24\bin;C:\WINDOWS\Sun\Java\bin;C:\WINDOWS\system32;C:\WINDOWS;C:\Program Files\Common Files\Oracle\Java\javapath;C:\Program Files (x86)\Common Files\Oracle\Java\java8path;C:\Program Files (x86)\Common Files\Oracle\Java\javapath;C:\Python312\Scripts\;C:\Python312\;C:\WINDOWS\system32;C:\WINDOWS;C:\WINDOWS\System32\Wbem;C:\WINDOWS\System32\WindowsPowerShell\v1.0\;C:\Program Files (x86)\Common Files\Adobe\AGL;C:\WINDOWS\System32\OpenSSH\;C:\Users\Joni\AppData\Local\Microsoft\WindowsApps;C:\Program Files (x86)\NVIDIA Corporation\PhysX\Common;C:\WINDOWS\system32\config\systemprofile\AppData\Local\Microsoft\WindowsApps;C:\Program Files (x86)\Intel\Intel(R) Management Engine Components\DAL;C:\Program Files\Intel\Intel(R) Management Engine Components\DAL;C:\WINDOWS\system32;C:\WINDOWS;C:\WINDOWS\System32\Wbem;C:\WINDOWS\System32\WindowsPowerShell\v1.0\;C:\WINDOWS\System32\OpenSSH\;C:\Program Files\Microsoft SQL Server\130\Tools\Binn\;C:\Users\Joni\.dotnet\tools;C:\Program Files\JetBrains\PyCharm Community Edition 2021.2.1\bin;C:\Program Files\Microsoft SQL Server\150\Tools\Binn\;C:\Users\Joni\.cargo\bin;C:\Users\Joni\AppData\Local\Programs\Microsoft VS Code\bin;C:\Users\Joni\AppData\Local\Programs\mongosh\;C:\Program Files\nodejs\;C:\Program Files\CMake\bin;C:\Program Files (x86)\Windows Kits\10\Windows Performance Toolkit\;C:\Program Files\dotnet\;C:\Program Files\Git\cmd;C:\Program Files\NVIDIA Corporation\NVIDIA app\NvDLISR;C:\Program Files (x86)\apache-maven-3.9.9\bin;%JAVA_HOME%\bin;C:\Program Files\Java\jdk-24\bin;C:\Program Files\Common Files\Oracle\Java\javapath;C:\Program Files (x86)\Common Files\Oracle\Java\java8path;C:\Program Files (x86)\Common Files\Oracle\Java\javapath;C:\Python312\Scripts\;C:\Python312\;C:\Program Files (x86)\Razer\ChromaBroadcast\bin;C:\Program Files\Razer\ChromaBroadcast\bin;C:\Program Files (x86)\Razer Chroma SDK\bin;C:\Program Files\Razer Chroma SDK\bin;C:\Users\Joni\AppData\Local\Programs\Python\Python39;C:\WINDOWS\system32;C:\WINDOWS;C:\WINDOWS\System32\Wbem;C:\WINDOWS\System32\WindowsPowerShell\v1.0\;C:\Program Files (x86)\Common Files\Adobe\AGL;C:\WINDOWS\System32\OpenSSH\;C:\Users\Joni\AppData\Local\Programs\Python\Python36\Scripts\;C:\Users\Joni\AppData\Local\Programs\Python\Python36\;C:\Users\Joni\AppData\Local\Microsoft\WindowsApps;C:\Program Files (x86)\NVIDIA Corporation\PhysX\Common;C:\WINDOWS\system32\config\systemprofile\AppData\Local\Microsoft\WindowsApps;C:\Program Files (x86)\Intel\Intel(R) Management Engine Components\DAL;C:\Program Files\Intel\Intel(R) Man;C:\Users\Joni\AppData\Local\Muse Hub\lib;c:\Users\Joni\.cursor\extensions\ms-python.debugpy-2025.8.0-win32-x64\bundled\scripts\noConfigScripts;."/>
    <property name="java.vm.info" value="mixed mode, sharing"/>
    <property name="stderr.encoding" value="Cp1252"/>
    <property name="java.vendor" value="Oracle Corporation"/>
    <property name="java.vm.version" value="24.0.1+9-30"/>
    <property name="sun.io.unicode.encoding" value="UnicodeLittle"/>
    <property name="java.class.version" value="68.0"/>
  </properties>
  <testcase name="testProcessPayment" classname="com.tutoringplatform.services.PaymentServiceTest" time="0.017">
    <system-out><![CDATA[21:57:12.205 [main] DEBUG org.springframework.test.util.ReflectionTestUtils - Setting field 'paymentRepository' of type [null] on target object [com.tutoringplatform.services.PaymentService@107e5441] or target class [class com.tutoringplatform.services.PaymentService] to value [paymentRepository]
21:57:12.206 [main] DEBUG org.springframework.test.util.ReflectionTestUtils - Setting field 'studentRepository' of type [null] on target object [com.tutoringplatform.services.PaymentService@107e5441] or target class [class com.tutoringplatform.services.PaymentService] to value [studentRepository]
21:57:12.206 [main] DEBUG org.springframework.test.util.ReflectionTestUtils - Setting field 'bookingRepository' of type [null] on target object [com.tutoringplatform.services.PaymentService@107e5441] or target class [class com.tutoringplatform.services.PaymentService] to value [bookingRepository]
21:57:12.207 [main] DEBUG org.springframework.test.util.ReflectionTestUtils - Setting field 'commandHistory' of type [null] on target object [com.tutoringplatform.services.PaymentService@107e5441] or target class [class com.tutoringplatform.services.PaymentService] to value [[]]
]]></system-out>
  </testcase>
  <testcase name="testProcessPayment" classname="com.tutoringplatform.services.PaymentServiceTest" time="0.006">
    <system-out><![CDATA[21:57:12.507 [main] DEBUG org.springframework.test.util.ReflectionTestUtils - Setting field 'paymentRepository' of type [null] on target object [com.tutoringplatform.services.PaymentService@5bb3131b] or target class [class com.tutoringplatform.services.PaymentService] to value [paymentRepository]
21:57:12.508 [main] DEBUG org.springframework.test.util.ReflectionTestUtils - Setting field 'studentRepository' of type [null] on target object [com.tutoringplatform.services.PaymentService@5bb3131b] or target class [class com.tutoringplatform.services.PaymentService] to value [studentRepository]
21:57:12.509 [main] DEBUG org.springframework.test.util.ReflectionTestUtils - Setting field 'bookingRepository' of type [null] on target object [com.tutoringplatform.services.PaymentService@5bb3131b] or target class [class com.tutoringplatform.services.PaymentService] to value [bookingRepository]
21:57:12.509 [main] DEBUG org.springframework.test.util.ReflectionTestUtils - Setting field 'commandHistory' of type [null] on target object [com.tutoringplatform.services.PaymentService@5bb3131b] or target class [class com.tutoringplatform.services.PaymentService] to value [[]]
]]></system-out>
  </testcase>
  <testcase name="testUndoWithEmptyHistory" classname="com.tutoringplatform.services.PaymentServiceTest" time="0.003">
    <system-out><![CDATA[21:57:12.211 [main] DEBUG org.springframework.test.util.ReflectionTestUtils - Setting field 'paymentRepository' of type [null] on target object [com.tutoringplatform.services.PaymentService@78f9ed3e] or target class [class com.tutoringplatform.services.PaymentService] to value [paymentRepository]
21:57:12.212 [main] DEBUG org.springframework.test.util.ReflectionTestUtils - Setting field 'studentRepository' of type [null] on target object [com.tutoringplatform.services.PaymentService@78f9ed3e] or target class [class com.tutoringplatform.services.PaymentService] to value [studentRepository]
21:57:12.212 [main] DEBUG org.springframework.test.util.ReflectionTestUtils - Setting field 'bookingRepository' of type [null] on target object [com.tutoringplatform.services.PaymentService@78f9ed3e] or target class [class com.tutoringplatform.services.PaymentService] to value [bookingRepository]
21:57:12.212 [main] DEBUG org.springframework.test.util.ReflectionTestUtils - Setting field 'commandHistory' of type [null] on target object [com.tutoringplatform.services.PaymentService@78f9ed3e] or target class [class com.tutoringplatform.services.PaymentService] to value [[]]
]]></system-out>
  </testcase>
  <testcase name="testUndoWithEmptyHistory" classname="com.tutoringplatform.services.PaymentServiceTest" time="0.004">
    <system-out><![CDATA[21:57:12.514 [main] DEBUG org.springframework.test.util.ReflectionTestUtils - Setting field 'paymentRepository' of type [null] on target object [com.tutoringplatform.services.PaymentService@585ac855] or target class [class com.tutoringplatform.services.PaymentService] to value [paymentRepository]
21:57:12.514 [main] DEBUG org.springframework.test.util.ReflectionTestUtils - Setting field 'studentRepository' of type [null] on target object [com.tutoringplatform.services.PaymentService@585ac855] or target class [class com.tutoringplatform.services.PaymentService] to value [studentRepository]
21:57:12.515 [main] DEBUG org.springframework.test.util.ReflectionTestUtils - Setting field 'bookingRepository' of type [null] on target object [com.tutoringplatform.services.PaymentService@585ac855] or target class [class com.tutoringplatform.services.PaymentService] to value [bookingRepository]
21:57:12.515 [main] DEBUG org.springframework.test.util.ReflectionTestUtils - Setting field 'commandHistory' of type [null] on target object [com.tutoringplatform.services.PaymentService@585ac855] or target class [class com.tutoringplatform.services.PaymentService] to value [[]]
]]></system-out>
  </testcase>
  <testcase name="testProcessPaymentInsufficientFunds" classname="com.tutoringplatform.services.PaymentServiceTest" time="0.004">
    <system-out><![CDATA[21:57:12.215 [main] DEBUG org.springframework.test.util.ReflectionTestUtils - Setting field 'paymentRepository' of type [null] on target object [com.tutoringplatform.services.PaymentService@64040287] or target class [class com.tutoringplatform.services.PaymentService] to value [paymentRepository]
21:57:12.216 [main] DEBUG org.springframework.test.util.ReflectionTestUtils - Setting field 'studentRepository' of type [null] on target object [com.tutoringplatform.services.PaymentService@64040287] or target class [class com.tutoringplatform.services.PaymentService] to value [studentRepository]
21:57:12.216 [main] DEBUG org.springframework.test.util.ReflectionTestUtils - Setting field 'bookingRepository' of type [null] on target object [com.tutoringplatform.services.PaymentService@64040287] or target class [class com.tutoringplatform.services.PaymentService] to value [bookingRepository]
21:57:12.216 [main] DEBUG org.springframework.test.util.ReflectionTestUtils - Setting field 'commandHistory' of type [null] on target object [com.tutoringplatform.services.PaymentService@64040287] or target class [class com.tutoringplatform.services.PaymentService] to value [[]]
]]></system-out>
  </testcase>
  <testcase name="testProcessPaymentInsufficientFunds" classname="com.tutoringplatform.services.PaymentServiceTest" time="0.009">
    <system-out><![CDATA[21:57:12.518 [main] DEBUG org.springframework.test.util.ReflectionTestUtils - Setting field 'paymentRepository' of type [null] on target object [com.tutoringplatform.services.PaymentService@4d8539de] or target class [class com.tutoringplatform.services.PaymentService] to value [paymentRepository]
21:57:12.519 [main] DEBUG org.springframework.test.util.ReflectionTestUtils - Setting field 'studentRepository' of type [null] on target object [com.tutoringplatform.services.PaymentService@4d8539de] or target class [class com.tutoringplatform.services.PaymentService] to value [studentRepository]
21:57:12.521 [main] DEBUG org.springframework.test.util.ReflectionTestUtils - Setting field 'bookingRepository' of type [null] on target object [com.tutoringplatform.services.PaymentService@4d8539de] or target class [class com.tutoringplatform.services.PaymentService] to value [bookingRepository]
21:57:12.522 [main] DEBUG org.springframework.test.util.ReflectionTestUtils - Setting field 'commandHistory' of type [null] on target object [com.tutoringplatform.services.PaymentService@4d8539de] or target class [class com.tutoringplatform.services.PaymentService] to value [[]]
]]></system-out>
  </testcase>
  <testcase name="testProcessPaymentStudentNotFound" classname="com.tutoringplatform.services.PaymentServiceTest" time="0.005">
    <system-out><![CDATA[21:57:12.221 [main] DEBUG org.springframework.test.util.ReflectionTestUtils - Setting field 'paymentRepository' of type [null] on target object [com.tutoringplatform.services.PaymentService@3a43d133] or target class [class com.tutoringplatform.services.PaymentService] to value [paymentRepository]
21:57:12.221 [main] DEBUG org.springframework.test.util.ReflectionTestUtils - Setting field 'studentRepository' of type [null] on target object [com.tutoringplatform.services.PaymentService@3a43d133] or target class [class com.tutoringplatform.services.PaymentService] to value [studentRepository]
21:57:12.222 [main] DEBUG org.springframework.test.util.ReflectionTestUtils - Setting field 'bookingRepository' of type [null] on target object [com.tutoringplatform.services.PaymentService@3a43d133] or target class [class com.tutoringplatform.services.PaymentService] to value [bookingRepository]
21:57:12.222 [main] DEBUG org.springframework.test.util.ReflectionTestUtils - Setting field 'commandHistory' of type [null] on target object [com.tutoringplatform.services.PaymentService@3a43d133] or target class [class com.tutoringplatform.services.PaymentService] to value [[]]
]]></system-out>
  </testcase>
  <testcase name="testProcessPaymentStudentNotFound" classname="com.tutoringplatform.services.PaymentServiceTest" time="0.004">
    <system-out><![CDATA[21:57:12.528 [main] DEBUG org.springframework.test.util.ReflectionTestUtils - Setting field 'paymentRepository' of type [null] on target object [com.tutoringplatform.services.PaymentService@bcb09a6] or target class [class com.tutoringplatform.services.PaymentService] to value [paymentRepository]
21:57:12.528 [main] DEBUG org.springframework.test.util.ReflectionTestUtils - Setting field 'studentRepository' of type [null] on target object [com.tutoringplatform.services.PaymentService@bcb09a6] or target class [class com.tutoringplatform.services.PaymentService] to value [studentRepository]
21:57:12.528 [main] DEBUG org.springframework.test.util.ReflectionTestUtils - Setting field 'bookingRepository' of type [null] on target object [com.tutoringplatform.services.PaymentService@bcb09a6] or target class [class com.tutoringplatform.services.PaymentService] to value [bookingRepository]
21:57:12.528 [main] DEBUG org.springframework.test.util.ReflectionTestUtils - Setting field 'commandHistory' of type [null] on target object [com.tutoringplatform.services.PaymentService@bcb09a6] or target class [class com.tutoringplatform.services.PaymentService] to value [[]]
]]></system-out>
  </testcase>
  <testcase name="testMultipleUndoOperations" classname="com.tutoringplatform.services.PaymentServiceTest" time="0.007">
    <system-out><![CDATA[21:57:12.226 [main] DEBUG org.springframework.test.util.ReflectionTestUtils - Setting field 'paymentRepository' of type [null] on target object [com.tutoringplatform.services.PaymentService@68105edc] or target class [class com.tutoringplatform.services.PaymentService] to value [paymentRepository]
21:57:12.227 [main] DEBUG org.springframework.test.util.ReflectionTestUtils - Setting field 'studentRepository' of type [null] on target object [com.tutoringplatform.services.PaymentService@68105edc] or target class [class com.tutoringplatform.services.PaymentService] to value [studentRepository]
21:57:12.228 [main] DEBUG org.springframework.test.util.ReflectionTestUtils - Setting field 'bookingRepository' of type [null] on target object [com.tutoringplatform.services.PaymentService@68105edc] or target class [class com.tutoringplatform.services.PaymentService] to value [bookingRepository]
21:57:12.228 [main] DEBUG org.springframework.test.util.ReflectionTestUtils - Setting field 'commandHistory' of type [null] on target object [com.tutoringplatform.services.PaymentService@68105edc] or target class [class com.tutoringplatform.services.PaymentService] to value [[]]
]]></system-out>
  </testcase>
  <testcase name="testMultipleUndoOperations" classname="com.tutoringplatform.services.PaymentServiceTest" time="0.004">
    <system-out><![CDATA[21:57:12.532 [main] DEBUG org.springframework.test.util.ReflectionTestUtils - Setting field 'paymentRepository' of type [null] on target object [com.tutoringplatform.services.PaymentService@1813f3e9] or target class [class com.tutoringplatform.services.PaymentService] to value [paymentRepository]
21:57:12.532 [main] DEBUG org.springframework.test.util.ReflectionTestUtils - Setting field 'studentRepository' of type [null] on target object [com.tutoringplatform.services.PaymentService@1813f3e9] or target class [class com.tutoringplatform.services.PaymentService] to value [studentRepository]
21:57:12.533 [main] DEBUG org.springframework.test.util.ReflectionTestUtils - Setting field 'bookingRepository' of type [null] on target object [com.tutoringplatform.services.PaymentService@1813f3e9] or target class [class com.tutoringplatform.services.PaymentService] to value [bookingRepository]
21:57:12.533 [main] DEBUG org.springframework.test.util.ReflectionTestUtils - Setting field 'commandHistory' of type [null] on target object [com.tutoringplatform.services.PaymentService@1813f3e9] or target class [class com.tutoringplatform.services.PaymentService] to value [[]]
]]></system-out>
  </testcase>
  <testcase name="testFindById" classname="com.tutoringplatform.services.PaymentServiceTest" time="0.004">
    <system-out><![CDATA[21:57:12.235 [main] DEBUG org.springframework.test.util.ReflectionTestUtils - Setting field 'paymentRepository' of type [null] on target object [com.tutoringplatform.services.PaymentService@288a4658] or target class [class com.tutoringplatform.services.PaymentService] to value [paymentRepository]
21:57:12.235 [main] DEBUG org.springframework.test.util.ReflectionTestUtils - Setting field 'studentRepository' of type [null] on target object [com.tutoringplatform.services.PaymentService@288a4658] or target class [class com.tutoringplatform.services.PaymentService] to value [studentRepository]
21:57:12.235 [main] DEBUG org.springframework.test.util.ReflectionTestUtils - Setting field 'bookingRepository' of type [null] on target object [com.tutoringplatform.services.PaymentService@288a4658] or target class [class com.tutoringplatform.services.PaymentService] to value [bookingRepository]
21:57:12.235 [main] DEBUG org.springframework.test.util.ReflectionTestUtils - Setting field 'commandHistory' of type [null] on target object [com.tutoringplatform.services.PaymentService@288a4658] or target class [class com.tutoringplatform.services.PaymentService] to value [[]]
]]></system-out>
  </testcase>
  <testcase name="testFindById" classname="com.tutoringplatform.services.PaymentServiceTest" time="0.003">
    <system-out><![CDATA[21:57:12.538 [main] DEBUG org.springframework.test.util.ReflectionTestUtils - Setting field 'paymentRepository' of type [null] on target object [com.tutoringplatform.services.PaymentService@25c5e994] or target class [class com.tutoringplatform.services.PaymentService] to value [paymentRepository]
21:57:12.539 [main] DEBUG org.springframework.test.util.ReflectionTestUtils - Setting field 'studentRepository' of type [null] on target object [com.tutoringplatform.services.PaymentService@25c5e994] or target class [class com.tutoringplatform.services.PaymentService] to value [studentRepository]
21:57:12.539 [main] DEBUG org.springframework.test.util.ReflectionTestUtils - Setting field 'bookingRepository' of type [null] on target object [com.tutoringplatform.services.PaymentService@25c5e994] or target class [class com.tutoringplatform.services.PaymentService] to value [bookingRepository]
21:57:12.539 [main] DEBUG org.springframework.test.util.ReflectionTestUtils - Setting field 'commandHistory' of type [null] on target object [com.tutoringplatform.services.PaymentService@25c5e994] or target class [class com.tutoringplatform.services.PaymentService] to value [[]]
]]></system-out>
  </testcase>
  <testcase name="testFindByIdNotFound" classname="com.tutoringplatform.services.PaymentServiceTest" time="0.004">
    <system-out><![CDATA[21:57:12.240 [main] DEBUG org.springframework.test.util.ReflectionTestUtils - Setting field 'paymentRepository' of type [null] on target object [com.tutoringplatform.services.PaymentService@470a9030] or target class [class com.tutoringplatform.services.PaymentService] to value [paymentRepository]
21:57:12.240 [main] DEBUG org.springframework.test.util.ReflectionTestUtils - Setting field 'studentRepository' of type [null] on target object [com.tutoringplatform.services.PaymentService@470a9030] or target class [class com.tutoringplatform.services.PaymentService] to value [studentRepository]
21:57:12.241 [main] DEBUG org.springframework.test.util.ReflectionTestUtils - Setting field 'bookingRepository' of type [null] on target object [com.tutoringplatform.services.PaymentService@470a9030] or target class [class com.tutoringplatform.services.PaymentService] to value [bookingRepository]
21:57:12.241 [main] DEBUG org.springframework.test.util.ReflectionTestUtils - Setting field 'commandHistory' of type [null] on target object [com.tutoringplatform.services.PaymentService@470a9030] or target class [class com.tutoringplatform.services.PaymentService] to value [[]]
]]></system-out>
  </testcase>
  <testcase name="testFindByIdNotFound" classname="com.tutoringplatform.services.PaymentServiceTest" time="0.003">
    <system-out><![CDATA[21:57:12.542 [main] DEBUG org.springframework.test.util.ReflectionTestUtils - Setting field 'paymentRepository' of type [null] on target object [com.tutoringplatform.services.PaymentService@a10c1b5] or target class [class com.tutoringplatform.services.PaymentService] to value [paymentRepository]
21:57:12.542 [main] DEBUG org.springframework.test.util.ReflectionTestUtils - Setting field 'studentRepository' of type [null] on target object [com.tutoringplatform.services.PaymentService@a10c1b5] or target class [class com.tutoringplatform.services.PaymentService] to value [studentRepository]
21:57:12.543 [main] DEBUG org.springframework.test.util.ReflectionTestUtils - Setting field 'bookingRepository' of type [null] on target object [com.tutoringplatform.services.PaymentService@a10c1b5] or target class [class com.tutoringplatform.services.PaymentService] to value [bookingRepository]
21:57:12.543 [main] DEBUG org.springframework.test.util.ReflectionTestUtils - Setting field 'commandHistory' of type [null] on target object [com.tutoringplatform.services.PaymentService@a10c1b5] or target class [class com.tutoringplatform.services.PaymentService] to value [[]]
]]></system-out>
  </testcase>
  <testcase name="testRefundNonCompletedPayment" classname="com.tutoringplatform.services.PaymentServiceTest" time="0.008">
    <system-out><![CDATA[21:57:12.245 [main] DEBUG org.springframework.test.util.ReflectionTestUtils - Setting field 'paymentRepository' of type [null] on target object [com.tutoringplatform.services.PaymentService@3e6fd0b9] or target class [class com.tutoringplatform.services.PaymentService] to value [paymentRepository]
21:57:12.246 [main] DEBUG org.springframework.test.util.ReflectionTestUtils - Setting field 'studentRepository' of type [null] on target object [com.tutoringplatform.services.PaymentService@3e6fd0b9] or target class [class com.tutoringplatform.services.PaymentService] to value [studentRepository]
21:57:12.246 [main] DEBUG org.springframework.test.util.ReflectionTestUtils - Setting field 'bookingRepository' of type [null] on target object [com.tutoringplatform.services.PaymentService@3e6fd0b9] or target class [class com.tutoringplatform.services.PaymentService] to value [bookingRepository]
21:57:12.246 [main] DEBUG org.springframework.test.util.ReflectionTestUtils - Setting field 'commandHistory' of type [null] on target object [com.tutoringplatform.services.PaymentService@3e6fd0b9] or target class [class com.tutoringplatform.services.PaymentService] to value [[]]
]]></system-out>
  </testcase>
  <testcase name="testRefundNonCompletedPayment" classname="com.tutoringplatform.services.PaymentServiceTest" time="0.004">
    <system-out><![CDATA[21:57:12.547 [main] DEBUG org.springframework.test.util.ReflectionTestUtils - Setting field 'paymentRepository' of type [null] on target object [com.tutoringplatform.services.PaymentService@4d847d32] or target class [class com.tutoringplatform.services.PaymentService] to value [paymentRepository]
21:57:12.547 [main] DEBUG org.springframework.test.util.ReflectionTestUtils - Setting field 'studentRepository' of type [null] on target object [com.tutoringplatform.services.PaymentService@4d847d32] or target class [class com.tutoringplatform.services.PaymentService] to value [studentRepository]
21:57:12.548 [main] DEBUG org.springframework.test.util.ReflectionTestUtils - Setting field 'bookingRepository' of type [null] on target object [com.tutoringplatform.services.PaymentService@4d847d32] or target class [class com.tutoringplatform.services.PaymentService] to value [bookingRepository]
21:57:12.548 [main] DEBUG org.springframework.test.util.ReflectionTestUtils - Setting field 'commandHistory' of type [null] on target object [com.tutoringplatform.services.PaymentService@4d847d32] or target class [class com.tutoringplatform.services.PaymentService] to value [[]]
]]></system-out>
  </testcase>
  <testcase name="testRefundPayment" classname="com.tutoringplatform.services.PaymentServiceTest" time="0.005">
    <system-out><![CDATA[21:57:12.254 [main] DEBUG org.springframework.test.util.ReflectionTestUtils - Setting field 'paymentRepository' of type [null] on target object [com.tutoringplatform.services.PaymentService@66eb985d] or target class [class com.tutoringplatform.services.PaymentService] to value [paymentRepository]
21:57:12.254 [main] DEBUG org.springframework.test.util.ReflectionTestUtils - Setting field 'studentRepository' of type [null] on target object [com.tutoringplatform.services.PaymentService@66eb985d] or target class [class com.tutoringplatform.services.PaymentService] to value [studentRepository]
21:57:12.255 [main] DEBUG org.springframework.test.util.ReflectionTestUtils - Setting field 'bookingRepository' of type [null] on target object [com.tutoringplatform.services.PaymentService@66eb985d] or target class [class com.tutoringplatform.services.PaymentService] to value [bookingRepository]
21:57:12.255 [main] DEBUG org.springframework.test.util.ReflectionTestUtils - Setting field 'commandHistory' of type [null] on target object [com.tutoringplatform.services.PaymentService@66eb985d] or target class [class com.tutoringplatform.services.PaymentService] to value [[]]
]]></system-out>
  </testcase>
  <testcase name="testRefundPayment" classname="com.tutoringplatform.services.PaymentServiceTest" time="0.006">
    <system-out><![CDATA[21:57:12.551 [main] DEBUG org.springframework.test.util.ReflectionTestUtils - Setting field 'paymentRepository' of type [null] on target object [com.tutoringplatform.services.PaymentService@585c13de] or target class [class com.tutoringplatform.services.PaymentService] to value [paymentRepository]
21:57:12.552 [main] DEBUG org.springframework.test.util.ReflectionTestUtils - Setting field 'studentRepository' of type [null] on target object [com.tutoringplatform.services.PaymentService@585c13de] or target class [class com.tutoringplatform.services.PaymentService] to value [studentRepository]
21:57:12.553 [main] DEBUG org.springframework.test.util.ReflectionTestUtils - Setting field 'bookingRepository' of type [null] on target object [com.tutoringplatform.services.PaymentService@585c13de] or target class [class com.tutoringplatform.services.PaymentService] to value [bookingRepository]
21:57:12.553 [main] DEBUG org.springframework.test.util.ReflectionTestUtils - Setting field 'commandHistory' of type [null] on target object [com.tutoringplatform.services.PaymentService@585c13de] or target class [class com.tutoringplatform.services.PaymentService] to value [[]]
]]></system-out>
  </testcase>
  <testcase name="testUndoLastPaymentAction" classname="com.tutoringplatform.services.PaymentServiceTest" time="0.008">
    <system-out><![CDATA[21:57:12.261 [main] DEBUG org.springframework.test.util.ReflectionTestUtils - Setting field 'paymentRepository' of type [null] on target object [com.tutoringplatform.services.PaymentService@28c88600] or target class [class com.tutoringplatform.services.PaymentService] to value [paymentRepository]
21:57:12.262 [main] DEBUG org.springframework.test.util.ReflectionTestUtils - Setting field 'studentRepository' of type [null] on target object [com.tutoringplatform.services.PaymentService@28c88600] or target class [class com.tutoringplatform.services.PaymentService] to value [studentRepository]
21:57:12.262 [main] DEBUG org.springframework.test.util.ReflectionTestUtils - Setting field 'bookingRepository' of type [null] on target object [com.tutoringplatform.services.PaymentService@28c88600] or target class [class com.tutoringplatform.services.PaymentService] to value [bookingRepository]
21:57:12.262 [main] DEBUG org.springframework.test.util.ReflectionTestUtils - Setting field 'commandHistory' of type [null] on target object [com.tutoringplatform.services.PaymentService@28c88600] or target class [class com.tutoringplatform.services.PaymentService] to value [[]]
]]></system-out>
  </testcase>
  <testcase name="testUndoLastPaymentAction" classname="com.tutoringplatform.services.PaymentServiceTest" time="0.005">
    <system-out><![CDATA[21:57:12.559 [main] DEBUG org.springframework.test.util.ReflectionTestUtils - Setting field 'paymentRepository' of type [null] on target object [com.tutoringplatform.services.PaymentService@3ff57625] or target class [class com.tutoringplatform.services.PaymentService] to value [paymentRepository]
21:57:12.559 [main] DEBUG org.springframework.test.util.ReflectionTestUtils - Setting field 'studentRepository' of type [null] on target object [com.tutoringplatform.services.PaymentService@3ff57625] or target class [class com.tutoringplatform.services.PaymentService] to value [studentRepository]
21:57:12.560 [main] DEBUG org.springframework.test.util.ReflectionTestUtils - Setting field 'bookingRepository' of type [null] on target object [com.tutoringplatform.services.PaymentService@3ff57625] or target class [class com.tutoringplatform.services.PaymentService] to value [bookingRepository]
21:57:12.560 [main] DEBUG org.springframework.test.util.ReflectionTestUtils - Setting field 'commandHistory' of type [null] on target object [com.tutoringplatform.services.PaymentService@3ff57625] or target class [class com.tutoringplatform.services.PaymentService] to value [[]]
]]></system-out>
  </testcase>
</testsuite>